<?xml version="1.0" encoding="UTF-8"?>
<!-- Generated by org.testng.reporters.JUnitXMLReporter -->
<testsuite ignored="0" hostname="LAPTOP-GBKDVHB5" failures="0" tests="5" name="Test-1" time="99.77" errors="0" timestamp="2021-09-18T13:03:33 IST">
  <testcase classname="tyss.vtiger.organizationTest.CreateOrganizationWithIndustryTest" name="createOrgWithIndustry" time="8.703"/>
  <testcase classname="tyss.vtiger.organizationTest.CreateOrganizationWithIndustryTest" name="createOrgWithIndustry" time="7.375"/>
  <testcase classname="tyss.vtiger.organizationTest.CreateOrganizationWithIndustryTest" name="createOrgWithIndustry" time="7.883"/>
  <testcase classname="tyss.vtiger.organizationTest.CreateOrganizationWithIndustryTest" name="createOrgWithIndustry" time="6.954"/>
  <testcase classname="tyss.vtiger.organizationTest.CreateOrganizationWithIndustryTest" name="createOrgWithIndustry" time="9.208"/>
</testsuite> <!-- Test-1 -->
