<?xml version="1.0" encoding="UTF-8"?>
<!-- Generated by org.testng.reporters.JUnitXMLReporter -->
<testsuite ignored="0" hostname="LAPTOP-GBKDVHB5" failures="1" tests="1" name="Test-2" time="19.743" errors="0" timestamp="2021-09-18T13:02:13 IST">
  <testcase classname="tyss.vtiger.test.CreateContactTest" name="createContact" time="6.675">
    <failure type="java.lang.AssertionError" message="expected [Last Name cannot be empt] but found [Last Name cannot be empty]">
      <![CDATA[java.lang.AssertionError: expected [Last Name cannot be empt] but found [Last Name cannot be empty]
at tyss.vtiger.test.CreateContactTest.createContact(CreateContactTest.java:30)
at java.base/java.util.ArrayList.forEach(ArrayList.java:1511)
at java.base/java.util.concurrent.FutureTask.run(FutureTask.java:264)
at java.base/java.util.concurrent.ThreadPoolExecutor.runWorker(ThreadPoolExecutor.java:1130)
at java.base/java.util.concurrent.ThreadPoolExecutor$Worker.run(ThreadPoolExecutor.java:630)
at java.base/java.lang.Thread.run(Thread.java:831)
... Removed 24 stack frames]]>
    </failure>
  </testcase> <!-- createContact -->
</testsuite> <!-- Test-2 -->
