<?xml version="1.0" encoding="UTF-8"?>
<!-- Generated by org.testng.reporters.JUnitXMLReporter -->
<testsuite ignored="0" hostname="LAPTOP-GBKDVHB5" failures="0" tests="5" name="Test-firefox" time="77.352" errors="0" timestamp="2021-09-18T12:44:11 IST">
  <testcase classname="tyss.vtiger.organizationTest.CreateOrganizationWithIndustryTest" name="createOrgWithIndustry" time="9.831"/>
  <testcase classname="tyss.vtiger.organizationTest.CreateOrganizationWithIndustryTest" name="createOrgWithIndustry" time="7.996"/>
  <testcase classname="tyss.vtiger.organizationTest.CreateOrganizationWithIndustryTest" name="createOrgWithIndustry" time="7.846"/>
  <testcase classname="tyss.vtiger.organizationTest.CreateOrganizationWithIndustryTest" name="createOrgWithIndustry" time="8.019"/>
  <testcase classname="tyss.vtiger.organizationTest.CreateOrganizationWithIndustryTest" name="createOrgWithIndustry" time="8.314"/>
</testsuite> <!-- Test-firefox -->
