<?xml version="1.0" encoding="UTF-8"?>
<!-- Generated by org.testng.reporters.JUnitReportReporter -->
<testsuite hostname="LAPTOP-GBKDVHB5" failures="0" tests="5" name="tyss.vtiger.organizationTest.CreateOrganizationWithIndustryTest" time="94.022" errors="0" timestamp="2021-09-18T13:03:33 IST" skipped="0">
  <testcase classname="tyss.vtiger.organizationTest.CreateOrganizationWithIndustryTest" name="createOrgWithIndustry" time="17.062"/>
  <system-out/>
  <testcase classname="tyss.vtiger.organizationTest.CreateOrganizationWithIndustryTest" name="createOrgWithIndustry" time="19.189"/>
  <system-out/>
  <testcase classname="tyss.vtiger.organizationTest.CreateOrganizationWithIndustryTest" name="createOrgWithIndustry" time="19.211"/>
  <system-out/>
  <testcase classname="tyss.vtiger.organizationTest.CreateOrganizationWithIndustryTest" name="createOrgWithIndustry" time="17.811"/>
  <system-out/>
  <testcase classname="tyss.vtiger.organizationTest.CreateOrganizationWithIndustryTest" name="createOrgWithIndustry" time="20.749"/>
  <system-out/>
</testsuite> <!-- tyss.vtiger.organizationTest.CreateOrganizationWithIndustryTest -->
