<?xml version="1.0" encoding="UTF-8"?>
<!-- Generated by org.testng.reporters.JUnitReportReporter -->
<testsuite hostname="LAPTOP-GBKDVHB5" failures="0" tests="1" name="tyss.vtigertest.LoginTest" time="12.942" errors="0" timestamp="2021-08-31T19:22:02 IST" skipped="0">
  <testcase classname="tyss.vtigertest.LoginTest" name="login" time="12.942"/>
  <system-out/>
</testsuite> <!-- tyss.vtigertest.LoginTest -->
