<?xml version="1.0" encoding="UTF-8"?>
<!-- Generated by org.testng.reporters.JUnitReportReporter -->
<testsuite hostname="LAPTOP-GBKDVHB5" failures="0" tests="1" name="tyss.vtiger.test.CreateContactTest" time="11.120" errors="0" timestamp="2021-09-11T20:32:49 IST" skipped="0">
  <testcase classname="tyss.vtiger.test.CreateContactTest" name="createContact" time="11.120"/>
  <system-out/>
</testsuite> <!-- tyss.vtiger.test.CreateContactTest -->
