<?xml version="1.0" encoding="UTF-8"?>
<!-- Generated by org.testng.reporters.JUnitReportReporter -->
<testsuite hostname="LAPTOP-GBKDVHB5" failures="0" tests="1" name="tyss.vtiger.test.GettingDataFromCmdLineTest" time="0.008" errors="0" timestamp="2021-09-10T16:38:00 IST" skipped="0">
  <testcase classname="tyss.vtiger.test.GettingDataFromCmdLineTest" name="method1" time="0.008"/>
  <system-out/>
</testsuite> <!-- tyss.vtiger.test.GettingDataFromCmdLineTest -->
