<?xml version="1.0" encoding="UTF-8"?>
<!-- Generated by org.testng.reporters.JUnitReportReporter -->
<testsuite hostname="LAPTOP-GBKDVHB5" failures="0" tests="1" name="tyss.vtiger.test.LoginTest" time="0.010" errors="0" timestamp="2021-09-10T14:39:56 IST" skipped="0">
  <testcase classname="tyss.vtiger.test.LoginTest" name="login" time="0.010"/>
  <system-out/>
</testsuite> <!-- tyss.vtiger.test.LoginTest -->
